0 info it worked if it ends with ok
1 verbose cli [ 'node', '/Users/duivvv/.nvm/v0.10.32/bin/npm', 'publish' ]
2 info using npm@2.1.4
3 info using node@v0.10.32
4 verbose publish [ '.' ]
5 silly cache add args [ '.', null ]
6 verbose cache add spec .
7 silly cache add parsed spec { raw: '.',
7 silly cache add   scope: null,
7 silly cache add   name: null,
7 silly cache add   rawSpec: '.',
7 silly cache add   spec: '/Users/duivvv/Documents/dev/modules/instagram-gif',
7 silly cache add   type: 'directory' }
8 verbose tar pack [ '/Users/duivvv/.npm/instagram-gif/0.2.0/package.tgz',
8 verbose tar pack   '/Users/duivvv/Documents/dev/modules/instagram-gif' ]
9 verbose tarball /Users/duivvv/.npm/instagram-gif/0.2.0/package.tgz
10 verbose folder /Users/duivvv/Documents/dev/modules/instagram-gif
11 info prepublish instagram-gif@0.2.0
12 verbose addLocalTarball adding from inside cache /Users/duivvv/.npm/instagram-gif/0.2.0/package.tgz
13 silly cache afterAdd instagram-gif@0.2.0
14 verbose afterAdd /Users/duivvv/.npm/instagram-gif/0.2.0/package/package.json not in flight; writing
15 verbose afterAdd /Users/duivvv/.npm/instagram-gif/0.2.0/package/package.json written
16 silly publish { name: 'instagram-gif',
16 silly publish   version: '0.2.0',
16 silly publish   description: 'convert instagram results into an animated GIF file',
16 silly publish   main: 'index.js',
16 silly publish   repository: { type: 'git', url: 'http://github.com/duivvv/instagram-gif' },
16 silly publish   keywords: [ 'instagram', 'gif', 'convertor' ],
16 silly publish   author: { name: 'Geoffrey Dhuyvetters' },
16 silly publish   license: 'MIT',
16 silly publish   bugs: { url: 'https://github.com/duivvv/instagram-gif/issues' },
16 silly publish   homepage: 'https://github.com/duivvv/instagram-gif',
16 silly publish   dependencies:
16 silly publish    { canvas: '^1.1.6',
16 silly publish      gifencoder: '^1.0.5',
16 silly publish      'instagram-node': '^0.5.1',
16 silly publish      lodash: '^2.4.1',
16 silly publish      request: '^2.48.0' },
16 silly publish   readme: '[![npm version](http://img.shields.io/npm/v/instagram-gif.svg?style=flat)](https://www.npmjs.org/package/instagram-gif)\n\n# instagram-gif\n\nSearch Instagram and create a GIF with the results\n\n## install\n\nWith [npm](http://npmjs.org) do:\n\n```\nnpm install --save instagram-gif\n```\n\n### Example\n\n```javascript\n\nvar InstagramGIF = require("instagram-gif");\n\nvar instagram_gif = new InstagramGIF({\n\taccess_token: <access_token>,\n\tclient_id: <client_id>,\n\tclient_secret: <client_secret>\n});\n\ninstagram_gif.create({\n\tpath: "./summer.gif",\n\ttag: "summer",\n\tdelay: 200,\n\tcount: 10\n}, handler);\n\nfunction handler(err, result){\n\tif(err){\n\t\tconsole.log(err.msg);\n\t\treturn;\n\t}\n\tconsole.log(result.path);\n}\n```\n\n## Parameters\n\n### path [required]\n\npath where GIF file should be saved\n\n\n```javascript\n\n// ...\n\ninstagram_gif.create({\n\tpath: "./duivvv.gif",\n\tusername: "duivvv"\n}, handler);\n\n```\n\n    Type: `String`\n\n### username [optional]\n\nwhich username to return media, filter on\n\n```javascript\n\n// ...\n\ninstagram_gif.create({\n\tpath: "./duivvv.gif",\n\tusername: "duivvv"\n}, handler);\n\n```\n\n    Type: `String`\n\n### tag [optional]\n\nsearch media for a tag,\n\n```javascript\n\n// ...\n\ninstagram_gif.create({\n\tpath: "./summer.gif",\n\ttag: "summer"\n}, handler);\n\n```\n\nadd username for extra filter on tag\n\n```javascript\n\n// ...\n\ninstagram_gif.create({\n\tpath: "./summer.gif",\n\ttag: "summer",\n\tusername: "duivvv"\n}, handler);\n\n```\n\n### count [optional]\n\namount of pictures to load (can return less if filtering is applied)\n\n```javascript\n\n// ...\n\ninstagram_gif.create({\n\tpath: "./duivvv.gif",\n\tusername: "duivvv",\n\tcount: 10\n}, handler);\n\n```\n\n    Type: `Number`\n    default: 300\n\n### repeat [optional]\n\nframe to start repeat after end\n\n```javascript\n\n// ...\n\ninstagram_gif.create({\n\tpath: "./duivvv.gif",\n\tusername: "duivvv",\n\trepeat: 2\n}, handler);\n\n```\n\n    Type: `Number`\n    default: 0\n\n### delay [optional]\n\ndelay between each frame\n\n```javascript\n\n// ...\n\ninstagram_gif.create({\n\tpath: "./duivvv.gif",\n\tusername: "duivvv",\n\tdelay: 100\n}, handler);\n\n```\n\n    Type: `Number`\n    default: 300\n\n### quality [optional]\n\nframe quality\n\n```javascript\n\n// ...\n\ninstagram_gif.create({\n\tpath: "./duivvv.gif",\n\tusername: "duivvv",\n\tquality: 3\n}, handler);\n\n```\n\n    Type: `Number`\n    default: 10\n\n## License\n\n[MIT License](http://en.wikipedia.org/wiki/MIT_License)\n',
16 silly publish   readmeFilename: 'README.md',
16 silly publish   gitHead: '0108097150a30a2d24f75a11940f4c4889c06edb',
16 silly publish   _id: 'instagram-gif@0.2.0',
16 silly publish   scripts: {},
16 silly publish   _shasum: '4e302faf90ecae29312fe0de1e4bc3e63d06bf2d',
16 silly publish   _from: '.' }
17 verbose mapToRegistry name instagram-gif
18 verbose mapToRegistry uri https://registry.npmjs.org/instagram-gif
19 verbose publish registryBase https://registry.npmjs.org/
20 verbose stack Error: forbidden cannot modify pre-existing version: 0.2.0
20 verbose stack old={"name":"instagram-gif","version":"0.2.0","description":"convert instagram results into an animated GIF file","main":"index.js","repository":{"type":"git","url":"http://github.com/duivvv/instagram-gif"},"keywords":["instagram","gif","convertor"],"author":{"name":"Geoffrey Dhuyvetters"},"license":"MIT","bugs":{"url":"https://github.com/duivvv/instagram-gif/issues"},"homepage":"https://github.com/duivvv/instagram-gif","dependencies":{"canvas":"^1.1.6","gifencoder":"^1.0.5","instagram-node":"^0.5.1","lodash":"^2.4.1","request":"^2.48.0"},"gitHead":"acb515af065ed342441525bbf8698510e12effe9","_id":"instagram-gif@0.2.0","scripts":{},"_shasum":"d1109e91b1055f9085bd2b72ac4ca68e6a656735","_from":".","_npmVersion":"2.1.4","_nodeVersion":"0.10.32","_npmUser":{"name":"duivvv","email":"geoffrey.dhuyvetters@gmail.com"},"maintainers":[{"name":"duivvv","email":"geoffrey.dhuyvetters@gmail.com"}],"dist":{"shasum":"d1109e91b1055f9085bd2b72ac4ca68e6a656735","tarball":"http://registry.npmjs.org/instagram-gif/-/instagram-gif-0.2.0.tgz"}}
20 verbose stack new={"name":"instagram-gif","version":"0.2.0","description":"convert instagram results into an animated GIF file","main":"index.js","repository":{"type":"git","url":"http://github.com/duivvv/instagram-gif"},"keywords":["instagram","gif","convertor"],"author":{"name":"Geoffrey Dhuyvetters"},"license":"MIT","bugs":{"url":"https://github.com/duivvv/instagram-gif/issues"},"homepage":"https://github.com/duivvv/instagram-gif","dependencies":{"canvas":"^1.1.6","gifencoder":"^1.0.5","instagram-node":"^0.5.1","lodash":"^2.4.1","request":"^2.48.0"},"readme":"[![npm version](http://img.shields.io/npm/v/instagram-gif.svg?style=flat)](https://www.npmjs.org/package/instagram-gif)\u000a\u000a# instagram-gif\u000a\u000aSearch Instagram and create a GIF with the results\u000a\u000a## install\u000a\u000aWith [npm](http://npmjs.org) do:\u000a\u000a```\u000anpm install --save instagram-gif\u000a```\u000a\u000a### Example\u000a\u000a```javascript\u000a\u000avar InstagramGIF = require(\"instagram-gif\");\u000a\u000avar instagram_gif = new InstagramGIF({\u000a\u0009access_token: <access_token>,\u000a\u0009client_id: <client_id>,\u000a\u0009client_secret: <client_secret>\u000a});\u000a\u000ainstagram_gif.create({\u000a\u0009path: \"./summer.gif\",\u000a\u0009tag: \"summer\",\u000a\u0009delay: 200,\u000a\u0009count: 10\u000a}, handler);\u000a\u000afunction handler(err, result){\u000a\u0009if(err){\u000a\u0009\u0009console.log(err.msg);\u000a\u0009\u0009return;\u000a\u0009}\u000a\u0009console.log(result.path);\u000a}\u000a```\u000a\u000a## Parameters\u000a\u000a### path [required]\u000a\u000apath where GIF file should be saved\u000a\u000a\u000a```javascript\u000a\u000a// ...\u000a\u000ainstagram_gif.create({\u000a\u0009path: \"./duivvv.gif\",\u000a\u0009username: \"duivvv\"\u000a}, handler);\u000a\u000a```\u000a\u000a    Type: `String`\u000a\u000a### username [optional]\u000a\u000awhich username to return media, filter on\u000a\u000a```javascript\u000a\u000a// ...\u000a\u000ainstagram_gif.create({\u000a\u0009path: \"./duivvv.gif\",\u000a\u0009username: \"duivvv\"\u000a}, handler);\u000a\u000a```\u000a\u000a    Type: `String`\u000a\u000a### tag [optional]\u000a\u000asearch media for a tag,\u000a\u000a```javascript\u000a\u000a// ...\u000a\u000ainstagram_gif.create({\u000a\u0009path: \"./summer.gif\",\u000a\u0009tag: \"summer\"\u000a}, handler);\u000a\u000a```\u000a\u000aadd username for extra filter on tag\u000a\u000a```javascript\u000a\u000a// ...\u000a\u000ainstagram_gif.create({\u000a\u0009path: \"./summer.gif\",\u000a\u0009tag: \"summer\",\u000a\u0009username: \"duivvv\"\u000a}, handler);\u000a\u000a```\u000a\u000a### count [optional]\u000a\u000aamount of pictures to load (can return less if filtering is applied)\u000a\u000a```javascript\u000a\u000a// ...\u000a\u000ainstagram_gif.create({\u000a\u0009path: \"./duivvv.gif\",\u000a\u0009username: \"duivvv\",\u000a\u0009count: 10\u000a}, handler);\u000a\u000a```\u000a\u000a    Type: `Number`\u000a    default: 300\u000a\u000a### repeat [optional]\u000a\u000aframe to start repeat after end\u000a\u000a```javascript\u000a\u000a// ...\u000a\u000ainstagram_gif.create({\u000a\u0009path: \"./duivvv.gif\",\u000a\u0009username: \"duivvv\",\u000a\u0009repeat: 2\u000a}, handler);\u000a\u000a```\u000a\u000a    Type: `Number`\u000a    default: 0\u000a\u000a### delay [optional]\u000a\u000adelay between each frame\u000a\u000a```javascript\u000a\u000a// ...\u000a\u000ainstagram_gif.create({\u000a\u0009path: \"./duivvv.gif\",\u000a\u0009username: \"duivvv\",\u000a\u0009delay: 100\u000a}, handler);\u000a\u000a```\u000a\u000a    Type: `Number`\u000a    default: 300\u000a\u000a### quality [optional]\u000a\u000aframe quality\u000a\u000a```javascript\u000a\u000a// ...\u000a\u000ainstagram_gif.create({\u000a\u0009path: \"./duivvv.gif\",\u000a\u0009username: \"duivvv\",\u000a\u0009quality: 3\u000a}, handler);\u000a\u000a```\u000a\u000a    Type: `Number`\u000a    default: 10\u000a\u000a## License\u000a\u000a[MIT License](http://en.wikipedia.org/wiki/MIT_License)\u000a","readmeFilename":"README.md","gitHead":"0108097150a30a2d24f75a11940f4c4889c06edb","_id":"instagram-gif@0.2.0","scripts":{},"_shasum":"4e302faf90ecae29312fe0de1e4bc3e63d06bf2d","_from":".","_npmVersion":"2.1.4","_nodeVersion":"0.10.32","_npmUser":{"name":"duivvv","email":"geoffrey.dhuyvetters@gmail.com"},"maintainers":[{"name":"duivvv","email":"geoffrey.dhuyvetters@gmail.com"}],"dist":{"shasum":"4e302faf90ecae29312fe0de1e4bc3e63d06bf2d","tarball":"http://registry.npmjs.org/instagram-gif/-/instagram-gif-0.2.0.tgz"}}: instagram-gif
20 verbose stack     at RegClient.<anonymous> (/Users/duivvv/.nvm/v0.10.32/lib/node_modules/npm/node_modules/npm-registry-client/lib/request.js:260:14)
20 verbose stack     at Request._callback (/Users/duivvv/.nvm/v0.10.32/lib/node_modules/npm/node_modules/npm-registry-client/lib/request.js:197:65)
20 verbose stack     at Request.self.callback (/Users/duivvv/.nvm/v0.10.32/lib/node_modules/npm/node_modules/npm-registry-client/node_modules/request/request.js:199:22)
20 verbose stack     at Request.emit (events.js:98:17)
20 verbose stack     at Request.<anonymous> (/Users/duivvv/.nvm/v0.10.32/lib/node_modules/npm/node_modules/npm-registry-client/node_modules/request/request.js:1160:14)
20 verbose stack     at Request.emit (events.js:117:20)
20 verbose stack     at IncomingMessage.<anonymous> (/Users/duivvv/.nvm/v0.10.32/lib/node_modules/npm/node_modules/npm-registry-client/node_modules/request/request.js:1111:12)
20 verbose stack     at IncomingMessage.emit (events.js:117:20)
20 verbose stack     at _stream_readable.js:943:16
20 verbose stack     at process._tickCallback (node.js:419:13)
21 verbose statusCode 403
22 verbose pkgid instagram-gif
23 verbose cwd /Users/duivvv/Documents/dev/modules/instagram-gif
24 error Darwin 14.0.0
25 error argv "node" "/Users/duivvv/.nvm/v0.10.32/bin/npm" "publish"
26 error node v0.10.32
27 error npm  v2.1.4
28 error code E403
29 error forbidden cannot modify pre-existing version: 0.2.0
29 error old={"name":"instagram-gif","version":"0.2.0","description":"convert instagram results into an animated GIF file","main":"index.js","repository":{"type":"git","url":"http://github.com/duivvv/instagram-gif"},"keywords":["instagram","gif","convertor"],"author":{"name":"Geoffrey Dhuyvetters"},"license":"MIT","bugs":{"url":"https://github.com/duivvv/instagram-gif/issues"},"homepage":"https://github.com/duivvv/instagram-gif","dependencies":{"canvas":"^1.1.6","gifencoder":"^1.0.5","instagram-node":"^0.5.1","lodash":"^2.4.1","request":"^2.48.0"},"gitHead":"acb515af065ed342441525bbf8698510e12effe9","_id":"instagram-gif@0.2.0","scripts":{},"_shasum":"d1109e91b1055f9085bd2b72ac4ca68e6a656735","_from":".","_npmVersion":"2.1.4","_nodeVersion":"0.10.32","_npmUser":{"name":"duivvv","email":"geoffrey.dhuyvetters@gmail.com"},"maintainers":[{"name":"duivvv","email":"geoffrey.dhuyvetters@gmail.com"}],"dist":{"shasum":"d1109e91b1055f9085bd2b72ac4ca68e6a656735","tarball":"http://registry.npmjs.org/instagram-gif/-/instagram-gif-0.2.0.tgz"}}
29 error new={"name":"instagram-gif","version":"0.2.0","description":"convert instagram results into an animated GIF file","main":"index.js","repository":{"type":"git","url":"http://github.com/duivvv/instagram-gif"},"keywords":["instagram","gif","convertor"],"author":{"name":"Geoffrey Dhuyvetters"},"license":"MIT","bugs":{"url":"https://github.com/duivvv/instagram-gif/issues"},"homepage":"https://github.com/duivvv/instagram-gif","dependencies":{"canvas":"^1.1.6","gifencoder":"^1.0.5","instagram-node":"^0.5.1","lodash":"^2.4.1","request":"^2.48.0"},"readme":"[![npm version](http://img.shields.io/npm/v/instagram-gif.svg?style=flat)](https://www.npmjs.org/package/instagram-gif)\u000a\u000a# instagram-gif\u000a\u000aSearch Instagram and create a GIF with the results\u000a\u000a## install\u000a\u000aWith [npm](http://npmjs.org) do:\u000a\u000a```\u000anpm install --save instagram-gif\u000a```\u000a\u000a### Example\u000a\u000a```javascript\u000a\u000avar InstagramGIF = require(\"instagram-gif\");\u000a\u000avar instagram_gif = new InstagramGIF({\u000a\u0009access_token: <access_token>,\u000a\u0009client_id: <client_id>,\u000a\u0009client_secret: <client_secret>\u000a});\u000a\u000ainstagram_gif.create({\u000a\u0009path: \"./summer.gif\",\u000a\u0009tag: \"summer\",\u000a\u0009delay: 200,\u000a\u0009count: 10\u000a}, handler);\u000a\u000afunction handler(err, result){\u000a\u0009if(err){\u000a\u0009\u0009console.log(err.msg);\u000a\u0009\u0009return;\u000a\u0009}\u000a\u0009console.log(result.path);\u000a}\u000a```\u000a\u000a## Parameters\u000a\u000a### path [required]\u000a\u000apath where GIF file should be saved\u000a\u000a\u000a```javascript\u000a\u000a// ...\u000a\u000ainstagram_gif.create({\u000a\u0009path: \"./duivvv.gif\",\u000a\u0009username: \"duivvv\"\u000a}, handler);\u000a\u000a```\u000a\u000a    Type: `String`\u000a\u000a### username [optional]\u000a\u000awhich username to return media, filter on\u000a\u000a```javascript\u000a\u000a// ...\u000a\u000ainstagram_gif.create({\u000a\u0009path: \"./duivvv.gif\",\u000a\u0009username: \"duivvv\"\u000a}, handler);\u000a\u000a```\u000a\u000a    Type: `String`\u000a\u000a### tag [optional]\u000a\u000asearch media for a tag,\u000a\u000a```javascript\u000a\u000a// ...\u000a\u000ainstagram_gif.create({\u000a\u0009path: \"./summer.gif\",\u000a\u0009tag: \"summer\"\u000a}, handler);\u000a\u000a```\u000a\u000aadd username for extra filter on tag\u000a\u000a```javascript\u000a\u000a// ...\u000a\u000ainstagram_gif.create({\u000a\u0009path: \"./summer.gif\",\u000a\u0009tag: \"summer\",\u000a\u0009username: \"duivvv\"\u000a}, handler);\u000a\u000a```\u000a\u000a### count [optional]\u000a\u000aamount of pictures to load (can return less if filtering is applied)\u000a\u000a```javascript\u000a\u000a// ...\u000a\u000ainstagram_gif.create({\u000a\u0009path: \"./duivvv.gif\",\u000a\u0009username: \"duivvv\",\u000a\u0009count: 10\u000a}, handler);\u000a\u000a```\u000a\u000a    Type: `Number`\u000a    default: 300\u000a\u000a### repeat [optional]\u000a\u000aframe to start repeat after end\u000a\u000a```javascript\u000a\u000a// ...\u000a\u000ainstagram_gif.create({\u000a\u0009path: \"./duivvv.gif\",\u000a\u0009username: \"duivvv\",\u000a\u0009repeat: 2\u000a}, handler);\u000a\u000a```\u000a\u000a    Type: `Number`\u000a    default: 0\u000a\u000a### delay [optional]\u000a\u000adelay between each frame\u000a\u000a```javascript\u000a\u000a// ...\u000a\u000ainstagram_gif.create({\u000a\u0009path: \"./duivvv.gif\",\u000a\u0009username: \"duivvv\",\u000a\u0009delay: 100\u000a}, handler);\u000a\u000a```\u000a\u000a    Type: `Number`\u000a    default: 300\u000a\u000a### quality [optional]\u000a\u000aframe quality\u000a\u000a```javascript\u000a\u000a// ...\u000a\u000ainstagram_gif.create({\u000a\u0009path: \"./duivvv.gif\",\u000a\u0009username: \"duivvv\",\u000a\u0009quality: 3\u000a}, handler);\u000a\u000a```\u000a\u000a    Type: `Number`\u000a    default: 10\u000a\u000a## License\u000a\u000a[MIT License](http://en.wikipedia.org/wiki/MIT_License)\u000a","readmeFilename":"README.md","gitHead":"0108097150a30a2d24f75a11940f4c4889c06edb","_id":"instagram-gif@0.2.0","scripts":{},"_shasum":"4e302faf90ecae29312fe0de1e4bc3e63d06bf2d","_from":".","_npmVersion":"2.1.4","_nodeVersion":"0.10.32","_npmUser":{"name":"duivvv","email":"geoffrey.dhuyvetters@gmail.com"},"maintainers":[{"name":"duivvv","email":"geoffrey.dhuyvetters@gmail.com"}],"dist":{"shasum":"4e302faf90ecae29312fe0de1e4bc3e63d06bf2d","tarball":"http://registry.npmjs.org/instagram-gif/-/instagram-gif-0.2.0.tgz"}}: instagram-gif
30 error If you need help, you may report this error at:
30 error     <http://github.com/npm/npm/issues>
31 verbose exit [ 1, true ]
